[2016-07-18 10:44:06] START
[2016-07-18 11:39:33] EDIT licenseManager/models/db.py: 8
[2016-07-18 11:39:45] EDIT licenseManager/models/db.py: 0
[2016-07-18 12:49:05] EDIT licenseManager/models/db.py: 0
[2016-07-18 12:49:06] EDIT licenseManager/models/db.py: 0
[2016-07-18 13:12:26] EDIT licenseManager/models/db.py: 7
[2016-07-18 13:12:27] EDIT licenseManager/models/db.py: 0
[2016-07-18 13:12:28] EDIT licenseManager/models/db.py: 0
[2016-07-18 13:13:28] CREATE manage.py: 0
[2016-07-18 13:14:53] EDIT licenseManager/controllers/manage.py: 3
[2016-07-18 13:15:13] CREATE manage/index.html: 0
[2016-07-18 13:15:44] EDIT licenseManager/views/manage/index.html: -1
[2016-07-18 13:16:31] EDIT licenseManager/models/db.py: 0
[2016-07-18 13:17:18] EDIT licenseManager/models/db.py: 0
[2016-07-18 13:17:57] EDIT licenseManager/controllers/manage.py: -1
[2016-07-18 13:19:32] EDIT licenseManager/models/db.py: 0
[2016-07-18 13:20:11] EDIT licenseManager/models/db.py: 0
[2016-07-18 13:21:48] EDIT licenseManager/models/db.py: 0
[2016-07-18 13:22:12] EDIT licenseManager/models/db.py: 0
[2016-07-18 13:22:19] EDIT licenseManager/models/db.py: 0
[2016-07-18 13:22:36] EDIT licenseManager/models/db.py: 0
[2016-07-18 13:41:06] EDIT licenseManager/models/menu.py: -61
[2016-07-18 13:41:28] EDIT licenseManager/models/menu.py: -27
[2016-07-18 13:41:54] EDIT licenseManager/models/menu.py: 0
[2016-07-18 13:42:55] EDIT licenseManager/models/menu.py: 0
[2016-07-18 13:43:17] EDIT licenseManager/models/menu.py: -1
[2016-07-18 13:44:11] EDIT licenseManager/models/menu.py: -2
[2016-07-18 13:44:20] EDIT licenseManager/models/menu.py: 0
[2016-07-18 13:44:41] EDIT licenseManager/models/menu.py: 0
[2016-07-18 13:45:26] EDIT licenseManager/models/menu.py: 0
[2016-07-18 13:47:07] EDIT licenseManager/controllers/manage.py: 44
[2016-07-18 13:47:26] CREATE manage/create.html: 0
[2016-07-18 13:47:34] EDIT licenseManager/views/manage/create.html: -1
[2016-07-18 13:47:58] EDIT licenseManager/models/menu.py: 1
[2016-07-18 13:48:18] EDIT licenseManager/controllers/manage.py: 0
[2016-07-18 13:48:38] EDIT licenseManager/models/db.py: 0
[2016-07-18 13:49:37] EDIT licenseManager/models/db.py: 0
[2016-07-18 13:50:02] EDIT licenseManager/models/db.py: 0
[2016-07-18 14:10:16] EDIT licenseManager/models/db.py: 0
[2016-07-18 14:11:45] EDIT licenseManager/controllers/manage.py: 1
[2016-07-18 14:12:11] EDIT licenseManager/controllers/manage.py: -1
[2016-07-18 14:12:22] EDIT licenseManager/controllers/manage.py: 0
[2016-07-18 14:12:42] EDIT licenseManager/controllers/manage.py: 0
[2016-07-18 14:13:06] EDIT licenseManager/controllers/manage.py: 1
[2016-07-18 14:13:15] EDIT licenseManager/controllers/manage.py: 0
[2016-07-18 14:13:32] EDIT licenseManager/controllers/manage.py: 1
[2016-07-18 14:13:58] EDIT licenseManager/controllers/manage.py: -1
[2016-07-18 14:14:18] EDIT licenseManager/controllers/manage.py: 1
[2016-07-18 14:14:42] EDIT licenseManager/controllers/manage.py: -2
[2016-07-18 14:15:51] EDIT licenseManager/controllers/manage.py: 0
[2016-07-18 14:16:00] EDIT licenseManager/controllers/manage.py: 0
[2016-07-18 14:16:50] EDIT licenseManager/controllers/manage.py: 0
[2016-07-18 14:17:51] EDIT licenseManager/controllers/manage.py: 0
[2016-07-18 14:20:48] EDIT licenseManager/controllers/manage.py: 3
[2016-07-18 14:21:00] CREATE manage/create_settings.html: 0
[2016-07-18 14:22:06] EDIT licenseManager/models/db.py: 0
[2016-07-18 14:23:26] EDIT licenseManager/views/manage/create_settings.html: -1
[2016-07-18 14:23:52] EDIT licenseManager/views/manage/create_settings.html: 1
[2016-07-18 14:24:45] EDIT licenseManager/controllers/manage.py: 1
[2016-07-18 14:26:24] EDIT licenseManager/views/manage/create_settings.html: 1
[2016-07-18 14:26:37] EDIT licenseManager/views/manage/create_settings.html: -1
[2016-07-18 14:26:51] EDIT licenseManager/controllers/manage.py: 0
[2016-07-18 14:27:09] EDIT licenseManager/controllers/manage.py: 0
[2016-07-18 14:27:21] EDIT licenseManager/controllers/manage.py: 0
[2016-07-18 14:27:27] EDIT licenseManager/controllers/manage.py: 0
[2016-07-18 14:27:36] EDIT licenseManager/controllers/manage.py: 0
[2016-07-18 14:27:42] EDIT licenseManager/controllers/manage.py: 0
[2016-07-18 14:29:52] EDIT licenseManager/controllers/manage.py: 0
[2016-07-18 14:30:20] EDIT licenseManager/controllers/manage.py: 0
[2016-07-18 14:31:46] EDIT licenseManager/controllers/manage.py: 2
[2016-07-18 14:34:23] EDIT licenseManager/controllers/manage.py: 0
[2016-07-18 14:55:45] EDIT licenseManager/views/manage/create.html: -1
[2016-07-18 14:55:54] EDIT licenseManager/views/manage/create.html: 2
[2016-07-18 14:56:48] EDIT licenseManager/views/manage/create.html: 1
[2016-07-18 14:57:14] EDIT licenseManager/views/manage/create.html: -1
[2016-07-18 14:57:50] EDIT licenseManager/views/manage/create.html: 0
[2016-07-18 14:58:33] EDIT licenseManager/views/manage/create.html: 2
[2016-07-18 14:58:57] EDIT licenseManager/views/manage/create.html: 0
[2016-07-18 15:00:06] EDIT licenseManager/views/manage/create.html: -2
[2016-07-18 15:00:10] EDIT licenseManager/views/manage/create.html: -1
[2016-07-18 15:01:15] EDIT licenseManager/views/manage/create.html: 15
[2016-07-18 15:01:35] EDIT licenseManager/views/manage/create.html: 3
[2016-07-18 15:04:16] EDIT licenseManager/views/manage/create.html: 0
[2016-07-18 15:06:35] EDIT licenseManager/views/manage/create.html: -18
[2016-07-18 15:06:40] EDIT licenseManager/views/manage/create_settings.html: 18
[2016-07-18 15:08:45] EDIT licenseManager/views/manage/create_settings.html: -1
[2016-07-18 15:12:08] EDIT licenseManager/views/manage/create_settings.html: -17
[2016-07-18 15:12:33] EDIT licenseManager/views/manage/create_settings.html: 0
[2016-07-18 15:14:30] EDIT licenseManager/controllers/manage.py: 0
[2016-07-18 15:14:55] EDIT licenseManager/controllers/manage.py: 0
[2016-07-18 15:17:06] EDIT licenseManager/controllers/manage.py: 0
[2016-07-18 15:18:13] EDIT licenseManager/controllers/manage.py: -1
[2016-07-18 15:19:03] EDIT licenseManager/controllers/manage.py: 1
[2016-07-18 15:24:11] EDIT licenseManager/controllers/manage.py: 1
[2016-07-18 15:24:22] EDIT licenseManager/controllers/manage.py: 0
[2016-07-18 15:26:29] EDIT licenseManager/controllers/manage.py: 0
[2016-07-18 15:28:41] EDIT licenseManager/controllers/manage.py: 0
[2016-07-18 15:29:51] EDIT licenseManager/controllers/manage.py: 0
[2016-07-18 15:34:33] EDIT licenseManager/controllers/manage.py: 10
[2016-07-18 15:35:51] EDIT licenseManager/models/db.py: 0
[2016-07-18 15:36:00] EDIT licenseManager/models/db.py: 0
[2016-07-18 15:36:30] EDIT licenseManager/controllers/manage.py: -1
[2016-07-18 15:37:17] EDIT licenseManager/controllers/manage.py: 0
[2016-07-18 15:37:43] EDIT licenseManager/controllers/manage.py: 1
[2016-07-18 15:37:50] EDIT licenseManager/controllers/manage.py: 0
[2016-07-18 15:38:00] EDIT licenseManager/controllers/manage.py: 0
[2016-07-18 15:41:12] EDIT licenseManager/controllers/manage.py: -1
[2016-07-18 15:43:09] EDIT licenseManager/controllers/manage.py: 2
[2016-07-18 15:43:18] EDIT licenseManager/controllers/manage.py: 0
[2016-07-18 15:44:00] EDIT licenseManager/controllers/manage.py: 0
[2016-07-18 15:44:40] EDIT licenseManager/controllers/manage.py: 0
[2016-07-18 15:45:11] EDIT licenseManager/controllers/manage.py: 1
[2016-07-18 15:50:13] EDIT licenseManager/controllers/manage.py: 0
[2016-07-18 15:51:17] EDIT licenseManager/controllers/manage.py: 0
[2016-07-18 15:51:45] EDIT licenseManager/controllers/manage.py: 0
[2016-07-18 15:53:09] EDIT licenseManager/views/layout.html: -20
[2016-07-18 15:54:11] EDIT licenseManager/controllers/manage.py: 0
[2016-07-18 15:54:43] EDIT licenseManager/controllers/manage.py: 0
[2016-07-18 15:55:54] EDIT licenseManager/controllers/manage.py: 0
[2016-07-18 15:56:18] EDIT licenseManager/controllers/manage.py: 0
[2016-07-18 15:56:47] EDIT licenseManager/controllers/manage.py: 0
[2016-07-18 15:57:50] EDIT licenseManager/controllers/manage.py: 0
[2016-07-18 15:58:02] EDIT licenseManager/controllers/manage.py: 0
[2016-07-18 16:00:44] EDIT licenseManager/controllers/manage.py: 3
[2016-07-18 16:01:01] EDIT licenseManager/controllers/manage.py: 0
[2016-07-18 16:02:30] EDIT licenseManager/controllers/manage.py: 1
[2016-07-18 16:02:49] EDIT licenseManager/controllers/manage.py: 0
[2016-07-18 16:03:15] EDIT licenseManager/models/db.py: 0
[2016-07-18 16:03:28] EDIT licenseManager/models/db.py: 0
[2016-07-18 16:04:24] EDIT licenseManager/models/db.py: 0
[2016-07-18 16:05:55] EDIT licenseManager/controllers/manage.py: 0
[2016-07-18 16:18:07] EDIT licenseManager/controllers/manage.py: 0
[2016-07-18 16:18:12] EDIT licenseManager/controllers/manage.py: 1
[2016-07-18 16:18:30] EDIT licenseManager/controllers/manage.py: -1
[2016-07-18 16:18:32] EDIT licenseManager/controllers/manage.py: 0
[2016-07-18 16:21:35] EDIT licenseManager/controllers/manage.py: 1
[2016-07-19 11:02:01] EDIT licenseManager/models/db.py: -4
[2016-07-19 11:03:34] EDIT licenseManager/controllers/manage.py: 0
[2016-07-19 11:04:12] EDIT licenseManager/controllers/manage.py: 0
[2016-07-19 11:05:40] EDIT licenseManager/models/db.py: 0
[2016-07-19 11:06:16] EDIT licenseManager/models/db.py: 0
[2016-07-19 11:07:00] EDIT licenseManager/models/menu.py: -1
[2016-07-19 11:07:39] EDIT licenseManager/controllers/manage.py: 0
[2016-07-19 11:07:50] EDIT licenseManager/controllers/manage.py: 0
[2016-07-19 11:09:51] EDIT licenseManager/controllers/manage.py: 0
[2016-07-19 11:18:59] EDIT licenseManager/controllers/manage.py: -24
[2016-07-19 11:19:40] EDIT licenseManager/controllers/manage.py: 2
[2016-07-19 11:20:00] EDIT licenseManager/controllers/manage.py: -5
[2016-07-19 11:20:08] CREATE api.py: 0
[2016-07-19 11:20:17] EDIT licenseManager/controllers/api.py: 4
[2016-07-19 11:20:36] EDIT licenseManager/controllers/api.py: 0
[2016-07-19 11:22:05] EDIT licenseManager/controllers/api.py: 2
[2016-07-19 11:22:45] EDIT licenseManager/controllers/api.py: 1
[2016-07-19 11:23:28] EDIT licenseManager/controllers/api.py: 0
[2016-07-19 11:23:53] EDIT licenseManager/controllers/api.py: 0
[2016-07-19 11:24:14] EDIT licenseManager/controllers/api.py: 0
[2016-07-19 11:28:17] EDIT licenseManager/controllers/api.py: 0
